904734
918200
939742
942532
949904
964252
978349
978867
979368
979419
987227
987962
995050
1000236
1001857
1005050
1011484
1014627
1017069
1023228
1026491
1048500
1048943
1050772
1051232
1053460
1054905
1056074
1058491
1061952
1062977
1063062
1063358
1064751
1067297
1069341
1072755
1076040
1076167
1077581
1077885
1082484
1084209
1086590
1087230
1087536
1087780
1088227
1088994
1090525
1092483
1094087
1101368
1104289
1106768
1110374
1111246
1112159
1113228
1119021
1120380
1121658
1122646
1125015
1126451
1126477
1134763
1140902
1142486
1143054
1143292
1145043
1145693
1147072
1147289
1149953
1153891
1160208
1160608
1160721
1161990
1162071
1163257
1164973
1166956
1167944
1168233
1168422
1168760
1170226
1173493
1173987
1174178
1174604
1176266
1176501
1179833
1180308
1185815
1191873
1192049
1197837
1199232
1200233
1201309
1204241
1204487
1205150
1205158
1206663
1209401
1209716
1210185
1210787
1212352
1214404
1214418
1217970
1219439
1220264
1220651
1221550
1221783
1222992
1223428
1225627
1225943
1226256
1226844
1227744
1229583
1230648
1231196
1234310
1235403
1237102
1237483
1239740
1240198
1240338
1241174
1241504
1243021
1243624
1244897
1245426
1245797
1246320
1246357
1249112
1249648
1253480
1253654
1256506
1256692
1256837
1257049
1257187
1258374
1258410
1259378
1259866
1260197
1260547
1260823
1262629
1263311
1266125
1266377
1267697
1268017
1270658
1271629
1271974
1272947
1273404
1274134
1274536
1275013
1276551
1277405
1277723
1278196
1278328
1279383
1280088
1281132
1282597
1283330
1283719
1284759
1285046
1285259
1288102
1289499
1290425
1290914
1292428
1292773
1294026
1294940
1295055
1296871
1297111
1297850
1298295
1298875
1298894
1299228
1300698
1300985
1302054
1302156
1304146
1304581
1304592
1305909
1306756
1306803
1308271
1308649
1309016
1310235
1310361
1310982
1311085
1312481
1312912
1314222
1315466
1316491
1316763
1317366
1320846
1321571
1321663
1321795
1322663
1323462
1324120
1325000
1325133
1326125
1326150
1326584
1326937
1327155
1328215
1328319
1330673
1331648
1332173
1332623
1333768
1334530
1337771
1338771
1340390
1342990
1344067
1344395
1344910
1345180
1346356
1346359
1349077
1349815
1354252
1356655
1358556
1358960
1359950
1362038
1363167
1363269
1366116
1366740
1368581
1369488
1369600
1370154
1370677
1371703
1371876
1372731
1374532
1375337
1376789
1376878
1377236
1379049
1381237
1381841
1382604
1382772
1383116
1383573
1385148
1385813
1386361
1386931
1388705
1389582
1390306
1390683
1391134
1392902
1394706
1396137
1397669
1397685
1398646
1398869
1399190
1399873
1400765
1401739
1402552
1404688
1405083
1406931
1408136
1408603
1408773
1409424
1409826
1409906
1412212
1420331
1422932
1423808
1424575
1426215
1426525
1426575
1426705
1428284
1429194
1429250
1429394
1430472
1430580
1430737
1431545
1431566
1431901
1435837
1438078
1438328
1438387
1438431
1439109
1439453
1439778
1440099
1440646
1440764
1441268
1443911
1445590
1446268
1448088
1448189
1448255
1448915
1449473
1449719
1450844
1451216
1451332
1452347
1452973
1453327
1453356
1453989
1454828
1455065
1455365
1455705
1455864
1456173
1458366
1459794
1460906
1460921
1461125
1465811
1466605
1467011
1469202
1471290
1471661
1472108
1475625
1476277
1476637
1476654
1479277
1481067
1481553
1481619
1484473
1485952
1486662
1487397
1487879
1489066
1489591
1491685
1491701
1491801
1492605
1492906
1493530
1493575
1494971
1495350
1495487
1497917
1498000
1498823
1499121
1501000
1502049
1502110
1502518
1506965
1508675
1508935
1509337
1510503
1512800
1513749
1517475
1517514
1518310
1518811
1519675
1519917
1520054
1520749
1523930
1525123
1525651
1525737
1526320
1529334
1529456
1531337
1531393
1531796
1533142
1534938
1538902
1539677
1540071
1541111
1543385
1543559
1543734
1544319
1545006
1546717
1546917
1547117
1550058
1552138
1555493
1557966
1558718
1559205
1560742
1561320
1562174
1562719
1563974
1564338
1565168
1565521
1566286
1568126
1568842
1572266
1572776
1572988
1573853
1573932
1574191
1575117
1575789
1576229
1577010
1577150
1577516
1577760
1578502
1578520
1579611
1579685
1582634
1583410
1584769
1585086
1585252
1585270
1586845
1587564
1589598
1590537
1590743
1591179
1593495
1595134
1595279
1595959
1596647
1597070
1599005
1600432
1600733
1601907
1602509
1603383
1609593
1610593
1610760
1611154
1616297
1618331
1618848
1619978
1620548
1621068
1621425
1621744
1625481
1625641
1625995
1626624
1629865
1631832
1632724
1632775
1634020
1634477
1637237
1637255
1637885
1638120
1638799
1640510
1641818
1643223
1644533
1647076
1648054
1649103
1649324
1649575
1654179
1655096
1656714
1657303
1657926
1658682
1662790
1665201
1666650
1667758
1671255
1671528
1671593
1674596
1675310
1675694
1676940
1676991
1677592
1678285
1679262
1679507
1682298
1683310
1685214
1685646
1688219
1691824
1692421
1693515
1695080
1695389
1696297
1698106
1698928
1700322
1701591
1703417
1703471
1704637
1705216
1706921
1708040
1708087
1708132
1709369
1709766
1711594
1713088
1713426
1715115
1715327
1715409
1715717
1716538
1717292
1717305
1717706
1722517
1723038
1724336
1724809
1726375
1726444
1727585
1728327
1730566
1733120
1734947
1735553
1737146
1737308
1739052
1739205
1740380
1740697
1741120
1742156
1742562
1742767
1742880
1744254
1745203
1746662
1747681
1748668
1750250
1750771
1751336
1752291
1756808
1757074
1757091
1759650
1760531
1761634
1763355
1765799
1768617
1770559
1771896
1774758
1776270
1776777
1776786
1777453
1780849
1788279
1789054
1789152
1790653
1790877
1796614
1797683
1798084
1802988
1803163
1803204
1805002
1805084
1807353
1809286
1809715
1810556
1811435
1813701
1813994
1817887
1820323
1822059
1826436
1829943
1831128
1833581
1834699
1835984
1839172
1842210
1842393
1842744
1842759
1844274
1847847
1848687
1852845
1855156
1857147
1858564
1859088
1860091
1861197
1861740
1862831
1864194
1866092
1866171
1868509
1868990
1869718
1871501
1874676
1880995
1882182
1883945
1885722
1886947
1889084
1890348
1891818
1897417
1898946
1900195
1903710
1905799
1907267
1909955
1911690
1914847
1917019
1919662
1920028
1921625
1922053
1924357
1926580
1928456
1929048
1931334
1932763
1935203
1939443
1941588
1942881
1943090
1943211
1944471
1945329
1945926
1946653
1946665
1950110
1952667
1952731
1953770
1955834
1955843
1958007
1965464
1965721
1969301
1975413
1980969
1983195
1985903
1989487
1990161
1991942
2000867
2005176
2006068
2009413
2009652
2012326
2012924
2013156
2023616
2034053
2035303
2040516
2042269
2043072
2045164
2048816
2051439
2055792
2056502
2057275
2057337
2058898
2060278
2067363
2069217
2074019
2074038
2074660
2076958
2078216
2078256
2080106
2080980
2081996
2083090
2083672
2084269
2089300
2094989
2096193
2096340
2099572
2100276
2109026
2113227
2117525
2121618
2121701
2127956
2130052
2134983
2144532
2144616
2145657
2146810
2152795
2156481
2162385
2163681
2166281
2169267
2171195
2171464
2175283
2190388
2191211
2192306
2204405
2204438
2205085
2208653
2209648
2216138
2216215
2219895
2229018
2230183
2230741
2232368
2237612
2239508
2242477
2243731
2245667
2246886
2250517
2252258
2256185
2257409
2258523
2259124
2259398
2261995
2265351
2266848
2268517
2274425
2279689
2284747
2289603
2292683
2297339
2297442
2307863
2313711
2341486
2343761
2355108
2373434
2383127
2393622
2394470
2395549
2398349
2398569
2399507
2411965
2430736
2444833
2451556
2452667
2454323
2474222
2476829
2479736
2481556
2491389
2499640
2542336
2556688
2569563
2573934
2601544
2601780
2605229
2628581
2634621
2635171
2648698
2656859
2659778
2697905
2699423
2707328
2707928
2712520
2726139
2729901
2730202
2732105
2734294
2747005
2749948
2754243
2763643
2766509
2770688
2792001
2794852
2802602
2829046
2838325
2843204
2852893
2858416
2860124
2889161
2900401
2903711
2942909
2950581
2964401
2987757
2992609
2998637
3022305
3039745
3048213
3057645
3082080
3101390
3109608
3128676
3142767
3175433
3200478
3225978
3292724
3315101
3350784
3421757
3446579
3455311
3518132
3604416
3622789
3635711
3769236
3780508
3859103
3865774
3910927
3974361
4121010
4172749
4213790
4289184
4300242
4311268
4658930
4703437
4729442
4744033
4845060
5044460
5103760
5265543
5340529
5376481
5687517
7147399
8974012
11145098
14087606
