32168561
33199544
40932374
47340211
47532985
47564506
47574099
47587019
47605907
47634131
47637814
47698282
47699081
47700507
47722848
47725369
47738034
47746456
47799087
47807816
47838768
47840161
47846702
47858455
47860603
47885990
47890449
47898048
47905594
47910364
47910920
47929187
47940089
47947175
47968207
47993907
48016136
48020500
48035664
48037949
48039146
48050004
48051431
48051511
48058590
48076756
48076830
48084093
48086547
48092816
48093720
48097142
48103214
48106153
48106408
48121088
48129380
48131708
48137036
48138836
48138999
48142152
48144842
48146175
48150115
48163947
48178449
48180217
48182033
48192989
48199110
48203017
48210748
48211558
48212824
48213967
48214804
48215056
48217949
48218422
48222226
48225345
48225894
48229468
48235103
48237781
48241128
48244826
48255441
48260960
48265370
48266393
48280809
48294630
48300311
48302167
48310563
48315699
48316065
48319998
48323300
48324674
48335340
48335916
48337394
48341917
48343863
48345253
48346727
48347236
48351092
48352638
48360260
48360638
48362132
48364946
48368440
48369297
48372214
48373222
48374336
48375256
48383869
48385013
48385145
48388537
48389541
48390714
48400336
48400468
48401096
48405005
48408386
48408668
48408952
48409798
48411397
48415078
48415712
48420791
48421319
48429015
48444230
48445334
48446711
48450350
48456982
48459229
48459342
48461722
48465515
48468995
48469200
48470033
48474286
48482460
48483361
48488007
48488756
48491145
48494932
48498412
48499629
48499833
48501481
48504654
48504867
48505155
48506489
48507195
48511185
48514629
48515926
48516151
48518349
48523456
48525286
48532819
48536187
48552610
48564072
48571173
48575423
48576052
48582343
48584578
48587407
48595032
48597337
48603984
48607445
48611141
48614174
48614462
48618634
48619461
48623058
48625228
48627720
48632040
48642808
48645006
48646213
48648469
48651523
48652557
48653698
48656185
48663138
48666306
48666598
48667003
48667289
48682555
48682866
48683813
48684142
48684790
48686681
48686764
48686932
48687851
48692860
48693291
48693646
48698900
48702889
48702901
48704550
48714760
48715768
48718463
48721266
48723263
48724496
48727512
48728169
48734868
48735433
48741162
48743197
48743217
48744680
48753393
48759124
48761689
48771315
48774906
48774971
48776822
48785852
48786645
48787939
48793719
48794382
48795324
48799951
48802486
48807687
48808971
48814595
48819132
48820596
48823156
48828129
48834061
48836150
48837270
48846382
48846588
48851644
48851798
48852295
48856155
48856557
48859288
48861746
48868032
48883418
48887990
48894532
48897130
48901234
48904244
48905398
48905974
48907442
48913776
48914450
48915453
48920339
48923588
48924782
48925882
48932162
48932510
48932805
48933935
48942951
48943652
48944891
48947566
48948612
48956031
48969733
48970850
48978210
48980278
48982676
48990806
48995674
49001302
49006164
49014778
49018520
49018697
49026456
49026758
49028300
49031624
49033507
49036937
49044269
49044948
49049179
49056419
49061491
49061607
49065927
49069819
49078636
49081605
49086520
49087585
49087832
49088404
49088972
49092468
49093979
49101894
49108968
49123857
49126990
49133563
49134523
49142402
49153104
49155799
49157329
49158539
49163981
49164810
49167486
49174471
49175506
49178054
49178131
49178676
49184836
49187772
49188044
49188342
49192222
49194572
49200674
49202442
49204666
49205635
49208470
49209270
49209864
49211041
49212890
49223866
49231078
49234230
49242751
49244663
49246150
49246197
49246511
49251268
49255568
49255592
49257177
49261749
49268981
49280068
49282299
49286399
49289450
49292121
49292145
49296762
49299306
49300456
49316692
49326120
49327880
49330868
49331952
49333101
49337899
49338895
49347477
49356554
49362869
49363184
49367897
49372431
49376797
49386008
49387619
49396682
49397662
49406068
49412847
49416065
49416717
49417141
49418122
49424753
49424924
49428660
49433550
49433696
49442100
49443399
49443704
49444008
49446657
49448766
49453959
49455327
49455593
49456523
49457963
49462885
49464986
49478259
49491841
49501276
49501488
49507440
49510368
49515668
49516670
49517782
49523671
49533584
49544437
49556919
49557848
49561945
49562924
49567489
49571533
49583606
49584455
49585128
49609656
49609663
49609974
49612104
49620263
49620582
49620869
49622306
49626208
49634005
49641603
49645941
49651974
49652365
49654212
49662555
49666660
49668034
49668934
49675956
49676688
49676962
49678957
49683238
49685597
49687509
49694237
49705017
49712545
49718521
49725064
49726781
49733053
49733186
49735512
49754189
49757449
49764132
49764451
49774604
49775179
49775397
49782245
49786573
49789977
49800265
49800394
49804789
49808552
49815220
49817814
49824644
49833027
49839049
49847139
49848769
49852841
49862492
49867181
49877485
49879006
49885059
49891147
49891989
49894050
49902894
49906660
49920151
49921048
49925445
49930581
49930684
49952780
49962476
49963405
49970434
49976179
49978976
49981619
49987566
49994323
50000700
50004014
50004804
50006492
50010349
50012929
50014853
50015820
50024448
50025138
50035157
50041660
50042991
50045271
50049563
50056828
50064814
50068768
50078072
50078603
50082626
50091901
50092405
50113052
50116215
50119107
50128324
50129699
50134026
50142233
50157129
50172190
50176203
50177112
50182753
50203983
50205020
50205323
50220124
50230496
50232390
50235064
50236933
50286812
50299413
50299474
50309691
50311356
50337270
50348851
50358597
50361930
50365871
50397411
50399130
50411339
50413977
50420815
50428428
50432452
50440184
50443297
50467486
50492391
50503027
50517532
50525486
50526723
50533555
50534512
50541727
50542357
50543655
50561673
50577071
50582509
50603240
50605145
50622078
50622876
50631719
50640468
50641375
50642382
50661532
50689281
50695247
50698461
50700155
50704253
50709127
50711473
50720012
50726178
50730795
50738645
50740598
50757925
50758285
50764597
50766020
50772461
50774681
50788110
50792958
50799645
50799975
50803018
50803463
50804277
50813384
50834467
50841341
50845068
50847326
50867182
50870113
50893890
50896685
50896883
50897949
50911127
50913248
50919073
50923653
50944657
50945056
50955934
50970622
50985203
50992611
50994057
51002208
51017175
51018363
51039894
51045279
51046812
51056201
51077979
51083380
51092656
51106610
51114121
51119362
51145206
51147720
51151957
51153696
51171254
51174647
51209771
51225079
51225726
51228797
51294478
51314170
51314664
51354541
51355340
51358052
51360945
51388897
51394278
51406472
51436853
51450890
51457715
51473940
51475851
51483383
51486797
51489772
51492150
51499130
51509020
51527126
51527334
51533681
51541908
51542376
51545845
51547190
51561248
51575123
51597786
51625321
51636760
51661682
51664086
51668808
51680758
51684502
51703552
51705817
51711512
51721241
51721735
51722180
51727252
51738419
51769556
51785607
51824250
51826182
51826891
51832075
51834237
51846639
51847828
51922176
51982873
52001493
52008906
52025913
52028723
52055365
52058032
52073756
52076422
52085238
52118047
52137768
52188783
52197745
52209711
52218600
52219521
52225965
52232117
52241762
52245100
52265923
52275073
52337107
52343771
52350508
52383912
52386569
52414638
52427857
52450658
52454393
52493918
52502832
52532023
52539596
52544213
52550927
52584686
52587247
52587261
52594253
52627066
52632284
52636316
52646958
52680713
52731478
52732690
52753341
52753910
52756277
52769124
52778521
52810199
52813468
52833007
52839360
52842482
52842935
52850771
52863391
52946455
52993469
53037540
53040741
53057729
53072102
53103586
53128199
53163995
53165305
53206670
53210234
53238973
53291725
53302690
53306749
53343935
53396195
53405664
53409282
53416161
53426183
53444842
53485899
53518140
53530876
53566380
53579462
53617156
53621888
53656184
53663793
53680373
53711436
53714644
53723579
53752981
53867116
53896620
53899574
54077922
54098076
54116568
54237023
54350369
54401810
54411877
54422773
54426998
54432420
54482748
54497320
54536134
54547471
54559523
54625195
54634174
54667579
54777128
54789068
54799577
54815252
54943725
55049558
55082183
55141323
55179577
55188988
55194644
55199991
55203712
55255558
55562851
55609829
55699627
55733096
55760669
55852091
55886089
55898749
56017127
56092427
56109640
56139072
56193359
56280629
56294858
56358988
56374666
56374739
56450460
56462607
56667276
56694490
56719575
56750835
56779494
56959367
57108745
57275702
57372648
57373152
57492959
57534824
57641947
57680289
57785364
58268846
58451554
59801631
60058024
60928786
62367315
63099999
63139647
63681438
65300143
65840369
66885184
67464475
67541228
69963309
70165639
70458575
70776494
70831586
70982677
71067075
71184054
71255055
71781467
71838447
72074641
72420346
73215347
73302143
73425943
73434706
73480196
73494977
73568669
73698774
73711197
73903380
73957387
73979997
74146543
74286861
74363540
74619467
74787889
74829343
75083910
75167819
75338277
75433021
75482101
75630527
75691347
75734945
75738020
75742302
75830436
75846002
76125970
76171610
76210792
76247749
76255786
76365678
76859718
77010320
77079129
77544444
77711599
77748986
78075087
78218555
79286387
79316068
79693066
79705684
80029464
80878142
81170532
83086063
