1900291
1928973
2007432
2080804
2090544
2122582
2146923
2171119
2177998
2184854
2272983
2302283
2325774
2352004
2396481
2417541
2424343
2443146
2459209
2462051
2467546
2472838
2483149
2488216
2500985
2501834
2502863
2503989
2505276
2514663
2528755
2531268
2538801
2540265
2542613
2547894
2549098
2550986
2552617
2556731
2559282
2560248
2560670
2561043
2570832
2571165
2571786
2578148
2584414
2590592
2592043
2593317
2594987
2596985
2600270
2602145
2606015
2608138
2609829
2609847
2611945
2612723
2613113
2616507
2620952
2623469
2626103
2626865
2628058
2631068
2631516
2636961
2637132
2638540
2643560
2644441
2645464
2646554
2648456
2651079
2651912
2654991
2655138
2655776
2656358
2656588
2657280
2658122
2658554
2658661
2660050
2661827
2661884
2668243
2668352
2671573
2671764
2673578
2677948
2679036
2679489
2681334
2687153
2688297
2691519
2693879
2696006
2697753
2699826
2702556
2704500
2706591
2708469
2709470
2716816
2717282
2717316
2719968
2722705
2726842
2727381
2733049
2737044
2737760
2738799
2738887
2739541
2742743
2744307
2744949
2745090
2749410
2749460
2750373
2751284
2752063
2754311
2754483
2755735
2756704
2758119
2758129
2760739
2761284
2767146
2769256
2769538
2769946
2772538
2772549
2773349
2775697
2778391
2779513
2781522
2783053
2783678
2790211
2792542
2793635
2794752
2794786
2795091
2796256
2799085
2799203
2801106
2802149
2802506
2803000
2803238
2804949
2805422
2805844
2806679
2807792
2812664
2814194
2820720
2822448
2826510
2826530
2829624
2832583
2832960
2833050
2836230
2837124
2837154
2838037
2839472
2844869
2845930
2847043
2852943
2855795
2859031
2860061
2861101
2861285
2861366
2864247
2866921
2866928
2872809
2872819
2875989
2876282
2877281
2877554
2877939
2878086
2878797
2879091
2879628
2880002
2880501
2883038
2883344
2883936
2885251
2886585
2888211
2888384
2888707
2888873
2889741
2890139
2890222
2890603
2891943
2892217
2896191
2898602
2899803
2900241
2901347
2901705
2902385
2905296
2906277
2908367
2908910
2909859
2911277
2911789
2914316
2914437
2915034
2915940
2920813
2921014
2921996
2922501
2922693
2923512
2923788
2923976
2925593
2925986
2928474
2928723
2932348
2935855
2936589
2941692
2942505
2945336
2947168
2947622
2948992
2951562
2955633
2955654
2956470
2957337
2963783
2965084
2967493
2968462
2972320
2974141
2975691
2975876
2976738
2978048
2978756
2980470
2981736
2981758
2982319
2982769
2984117
2989059
2989378
2991434
2993638
2993682
2996415
2996605
2996640
2997589
3000843
3002813
3003358
3003566
3004789
3007473
3008530
3009226
3010811
3014344
3015128
3016096
3016220
3016597
3017631
3018027
3018347
3018426
3019737
3021288
3021517
3021655
3021694
3024206
3024810
3024823
3024885
3024979
3025561
3025756
3025894
3026082
3027497
3028843
3029919
3030527
3030780
3031895
3034366
3035248
3036310
3036900
3039100
3039105
3039155
3039287
3039474
3040233
3041316
3041639
3042521
3043565
3043590
3043681
3043884
3045646
3045706
3045803
3047619
3048964
3050888
3051335
3051746
3051874
3051886
3053520
3054313
3054715
3055621
3055966
3056044
3057661
3057980
3058668
3060083
3060648
3062292
3064206
3064722
3064814
3067523
3067639
3069184
3073107
3075507
3075797
3078412
3079352
3079382
3080005
3081966
3082179
3083024
3085690
3085973
3088889
3089678
3090161
3091208
3091407
3091438
3091761
3092117
3092267
3092543
3092778
3093074
3095353
3095482
3097121
3097610
3098562
3098960
3101303
3103795
3104433
3106684
3107138
3109980
3110059
3110140
3110401
3111125
3112063
3112624
3113991
3114748
3116490
3121057
3121370
3123637
3125905
3127266
3130969
3135057
3139091
3139150
3140972
3141125
3141239
3142792
3143117
3143469
3144794
3145773
3146939
3148283
3150282
3151455
3151541
3152272
3152325
3153092
3153961
3154873
3157039
3157106
3159590
3161341
3162265
3162379
3162728
3163360
3163628
3167627
3167768
3169484
3169579
3170001
3170059
3172537
3174056
3174248
3175442
3175890
3176100
3176622
3177126
3177165
3182118
3182370
3183294
3183750
3183924
3184290
3184725
3184906
3185186
3185774
3185810
3187390
3190472
3191802
3192340
3193452
3194887
3200460
3201913
3203543
3209092
3210257
3210625
3211409
3211712
3214210
3215327
3216253
3217557
3218700
3220419
3221549
3222187
3222506
3222819
3223892
3227618
3230947
3231554
3233827
3234130
3234565
3235199
3236574
3236597
3236942
3237981
3239108
3239671
3240324
3241553
3241753
3242169
3242489
3242510
3243072
3243956
3244017
3244778
3244937
3245378
3245996
3248016
3248639
3249741
3249984
3250145
3250443
3251119
3251701
3252982
3254276
3256322
3256672
3257114
3257325
3257743
3259258
3261941
3262579
3263446
3264051
3264214
3265939
3266061
3267590
3268411
3270299
3270498
3271227
3275852
3277232
3277873
3280475
3280881
3281014
3281822
3285237
3286633
3286638
3289469
3292020
3294820
3295322
3300550
3301059
3302138
3303070
3304178
3304667
3305656
3307121
3307952
3308835
3310125
3312673
3318266
3319190
3319290
3319693
3319899
3322685
3324607
3325283
3325631
3325751
3326465
3330999
3331549
3334151
3335938
3337274
3338582
3339123
3339181
3342489
3342529
3342977
3345800
3346101
3346569
3348306
3349471
3350035
3351296
3353338
3353420
3354130
3354867
3355742
3356369
3356771
3357172
3358371
3360201
3360359
3360576
3360755
3361247
3362214
3363586
3364191
3364488
3365261
3365623
3365791
3365795
3368477
3369265
3374401
3375775
3376203
3377203
3380326
3383414
3384524
3385086
3385118
3385856
3386350
3388193
3389138
3390772
3391208
3392201
3395622
3395819
3396687
3399897
3400201
3400257
3401200
3402378
3405334
3405902
3407339
3409366
3411315
3412839
3414304
3416315
3416685
3416881
3417747
3417881
3418724
3418942
3419146
3419351
3420319
3422772
3423316
3423858
3424410
3425532
3427531
3431767
3431858
3434816
3441677
3443682
3443708
3445979
3446037
3446657
3447778
3448817
3449375
3449418
3452013
3454005
3458473
3463367
3465476
3466524
3466708
3468674
3469238
3471813
3472068
3472897
3473649
3475754
3477321
3479451
3479591
3480713
3484063
3485119
3487541
3490160
3492574
3495600
3496751
3497713
3497832
3499427
3500136
3501286
3505578
3507828
3508994
3509132
3513273
3517739
3518054
3527975
3529283
3529396
3529795
3529849
3532172
3533293
3533373
3534943
3537385
3538129
3540634
3541734
3545091
3546540
3548566
3548802
3549822
3550628
3553789
3566366
3567037
3567713
3571721
3574824
3576158
3578179
3581815
3582355
3583293
3584858
3586355
3587408
3591808
3595658
3601386
3621233
3623017
3624190
3625247
3631542
3633557
3633621
3634272
3636536
3640049
3641577
3643453
3644848
3647334
3647608
3647671
3653093
3653645
3655044
3656115
3662103
3668248
3675144
3676888
3686795
3687819
3690129
3690707
3691360
3694805
3696528
3703841
3709990
3721191
3730120
3732402
3734953
3735525
3735601
3738151
3739079
3740395
3746787
3752391
3757032
3757900
3764683
3767139
3767582
3772250
3774109
3775553
3781410
3783167
3787134
3796268
3798919
3801856
3813919
3815697
3817074
3817774
3819433
3823384
3831630
3832818
3837274
3838840
3839759
3846220
3847614
3849694
3858332
3858878
3870533
3878398
3880344
3880434
3881252
3881252
3882826
3888001
3913532
3917562
3923750
3932413
3935694
3936120
3937104
3943995
3948744
3962012
3964761
3981636
3982025
3986642
3989611
4000968
4011363
4013245
4015606
4018267
4023794
4027742
4028065
4043937
4050612
4054319
4054582
4056672
4064096
4064863
4069408
4082845
4093496
4094817
4096306
4105539
4131231
4145126
4145990
4148401
4173384
4183488
4196307
4197588
4200825
4218477
4234651
4243867
4253478
4259563
4290747
4302817
4315436
4316288
4317471
4318602
4337352
4343764
4399294
4421420
4422013
4449745
4456341
4465998
4475599
4477031
4479256
4484428
4529181
4537337
4588907
4604913
4606673
4625785
4631543
4640618
4696060
4698387
4721870
4734226
4753826
4774999
4785189
4787200
4864157
4951483
5009005
5018837
5055347
5106443
5176581
5227104
5239252
5281271
5309538
5389083
5417052
5437684
5521365
5568358
5638009
5716596
5771371
5826439
5917028
5962679
5998183
6062964
6090622
6114321
6193825
6277070
6366013
6549215
6604745
6730987
6933911
7158370
7178270
7394686
7990740
8021419
8105245
8226534
8392738
8790966
8810335
9354559
10559417
11753593
16425044
16740518
18943678
21922118
35897633
