35431989
137082563
137115622
137386865
141724768
141816290
142985944
145468846
145471049
145861110
146745000
158134878
158285117
158479944
158840364
160713534
161336131
163064270
172922562
233975967
233987823
233996144
234022604
234023640
234036008
234046807
234047900
234065469
234116418
234145161
234149665
234159534
234168491
234196561
234215289
234218284
234227800
234235485
234235739
234238694
234273428
234285636
234295654
234299642
234318472
234331895
234343016
234343790
234344627
234346978
234354685
234356394
234362698
234376951
234377847
234381516
234399237
234405003
234406843
234413836
234418262
234448912
234455990
234468379
234473264
234474376
234475206
234479589
234481170
234481885
234484460
234485269
234486830
234488511
234490094
234498711
234505528
234506404
234511423
234520438
234522802
234526895
234527377
234530505
234535566
234535652
234538117
234539795
234541854
234548711
234549323
234551883
234552639
234560976
234570062
234577237
234577929
234578515
234604580
234605432
234606633
234612617
234625950
234628485
234628803
234630055
234637864
234640400
234641779
234644119
234647265
234653892
234656487
234660076
234664008
234668371
234677091
234686308
234687745
234695069
234696733
234699334
234709485
234712956
234714639
234718054
234718384
234719177
234719251
234722355
234722829
234725803
234727451
234730284
234734102
234736369
234740999
234748448
234748454
234749507
234753215
234758961
234761442
234764468
234766952
234767210
234768238
234769692
234779902
234785343
234792155
234793900
234795046
234795147
234800392
234807399
234810428
234812124
234816632
234817361
234817373
234822187
234823079
234831386
234853446
234859150
234861471
234862579
234863286
234871932
234872560
234881473
234882534
234882884
234885763
234886514
234886757
234886815
234890957
234897175
234906691
234906770
234915631
234919758
234920717
234920896
234922756
234925482
234930444
234938340
234958961
234961817
234970614
234970723
234985558
234987525
235005675
235013345
235023142
235025325
235039724
235047181
235053260
235055823
235057313
235061610
235064380
235067580
235073478
235089386
235092866
235094078
235095464
235104149
235109121
235117146
235117917
235153440
235163695
235182267
235184563
235185176
235185463
235187895
235188170
235199058
235200315
235226910
235228452
235241108
235242621
235246996
235251136
235277233
235279522
235280189
235282778
235295177
235305297
235314207
235316730
235343308
235345192
235365851
235383130
235391562
235395478
235402527
235406073
235407072
235412709
235447411
235449604
235454578
235474726
235483150
235533832
235538006
235543908
235562237
235570332
235575656
235586704
235598262
235631241
235632398
235659009
235659370
235667314
235668950
235679373
235691882
235721728
235724572
235725112
235732037
235742869
235750619
235757294
235763051
235768924
235790574
235798499
235808178
235812899
235838809
235851139
235871215
235871722
235874534
235880826
235890643
235902598
235908871
235911116
235913732
235934606
235943433
235944833
235951300
235988253
235996024
236010099
236015163
236016734
236030668
236031466
236036627
236037086
236046478
236050356
236054388
236064112
236074379
236078682
236086489
236095425
236099679
236105108
236143452
236152828
236163684
236166502
236174669
236178378
236180009
236188568
236189127
236193875
236194771
236209128
236209726
236217516
236222838
236225518
236244022
236247505
236250286
236251137
236259732
236267235
236276265
236278583
236283804
236285226
236287130
236291327
236295689
236297783
236299872
236307578
236309535
236333847
236339403
236340279
236349942
236357083
236363934
236377302
236381079
236384325
236388815
236393189
236394251
236405233
236411285
236414256
236423234
236426213
236437410
236440111
236441681
236443352
236445713
236454752
236455986
236460669
236463996
236472265
236475376
236483139
236506307
236514362
236516085
236518124
236519933
236524056
236524459
236545719
236571663
236576805
236580707
236580737
236583101
236614861
236623027
236625166
236641813
236645112
236656060
236656256
236661328
236663080
236678151
236699792
236700496
236706904
236707313
236721291
236725723
236728102
236735257
236752703
236756174
236756324
236768993
236780809
236783709
236787121
236790928
236792702
236792772
236793165
236799599
236807510
236811974
236813324
236825609
236825952
236828548
236828846
236835799
236846094
236848470
236852313
236856677
236861264
236861417
236864947
236881471
236884546
236899276
236902648
236905491
236911168
236923062
236930578
236937049
236940873
236952922
236953895
236961521
236962862
236964062
236967982
236969535
236987657
236996402
236999705
237004280
237005963
237018306
237021110
237022478
237023053
237028209
237028634
237033499
237063029
237075475
237085085
237085148
237085228
237087859
237092536
237094901
237098124
237107271
237114950
237117635
237124804
237127573
237130532
237138202
237168017
237196338
237205600
237208139
237209258
237211008
237240446
237244421
237266734
237267052
237270424
237277903
237287075
237293863
237294425
237308529
237309605
237330107
237337529
237337936
237367945
237371514
237382206
237387929
237388034
237391977
237394512
237404130
237409942
237414569
237416115
237419366
237423597
237449928
237453267
237463691
237463732
237475801
237477359
237478810
237516987
237519129
237523478
237527929
237531617
237536854
237544492
237553357
237554435
237567040
237579808
237613208
237616278
237616973
237619755
237667454
237708446
237736635
237741353
237750540
237765990
237767291
237768541
237788271
237789862
237790277
237819982
237846913
237851456
237870211
237875154
237875966
237889054
237906156
237907585
237919074
237929564
237940813
237946049
237959612
237967839
237986954
238005827
238007990
238016406
238035917
238054043
238054833
238059522
238072450
238084855
238086457
238091734
238099780
238107705
238118914
238130639
238131130
238136691
238138646
238150656
238170676
238172619
238173776
238177515
238187575
238192122
238197695
238201835
238216356
238217244
238219224
238230953
238258334
238265524
238267797
238280808
238281848
238292006
238329936
238339751
238343939
238351677
238375163
238375587
238379267
238380008
238392965
238412136
238443520
238451964
238464892
238478749
238509351
238565994
238568633
238573250
238580045
238582262
238588694
238636676
238695901
238739862
238769059
238775444
238777790
238787386
238792263
238801958
238823312
238834490
238844661
238872796
238872922
238874110
238896284
238904734
238918454
238960647
238970535
238981513
238983133
239001634
239006952
239016419
239036159
239036936
239052217
239059996
239067096
239069122
239101557
239107891
239110428
239136922
239148470
239152667
239153051
239168853
239208457
239213808
239228648
239229032
239236135
239236858
239253784
239277569
239278663
239282254
239305189
239310857
239315393
239315863
239329099
239344365
239345247
239379254
239397552
239412085
239413425
239415267
239418671
239425521
239440094
239462870
239471556
239483812
239500288
239523384
239524895
239527233
239530538
239546953
239547296
239557764
239572578
239604763
239651011
239667104
239667965
239687808
239691877
239754797
239776206
239792296
239799716
239802815
239817608
239844575
239846174
239847614
239863914
239900751
239902168
239903745
239908808
239918201
239932899
239945172
239955903
239970918
239974487
240009792
240020660
240022169
240027886
240031514
240085425
240107203
240120681
240126442
240130259
240139135
240158630
240167608
240171869
240184353
240239307
240264773
240298205
240305942
240309993
240315768
240317231
240323910
240326499
240353969
240382279
240391112
240412458
240412626
240452156
240479946
240544638
240569211
240570957
240623794
240637882
240643233
240649963
240650618
240676714
240701806
240721156
240777244
240821556
240844252
240866725
240867175
240868901
240878959
240887618
240896609
240902167
240915599
240986435
241033194
241048520
241065782
241076353
241079630
241085792
241090004
241093652
241097485
241144965
241155506
241175999
241195712
241207403
241256229
241257551
241265779
241310891
241314085
241316284
241323958
241360717
241365494
241433322
241499977
241515361
241535469
241586442
241605040
241675681
241696604
241712900
241777687
241811719
241844912
241863608
241880292
241881906
241899787
241953231
241975901
241988382
242004800
242015562
242034563
242038517
242052255
242059830
242105583
242198895
242226849
242267038
242273430
242345554
242382130
242391162
242394253
242422867
242445261
242468301
242510381
242530256
242531052
242592839
242610521
242642485
242646072
242700846
242706151
242858782
242872819
242948100
242957526
242997487
243001390
243014989
243045920
243078553
243191660
243215473
243264147
243275668
243279723
243312598
243313810
243382183
243407403
243421489
243485790
243508170
243534469
243567117
243632543
243654894
243699523
243771751
243818216
243889642
243919322
243963939
244000499
244146831
244167137
244175318
244232348
244352698
244372794
244392693
244460103
244500127
244524319
244536114
244548538
244557904
244641372
244692178
244854128
244871077
245153413
245246031
245257776
245355119
245381652
245470550
245485067
245541181
245548500
245875892
245991357
246092005
246253289
246293182
246317867
246540704
246571597
246606428
246637171
246729111
247093467
247130891
247218836
247534309
247622791
247820179
248083203
248392384
248399020
248483555
248493428
248542760
248575397
248904223
248950898
249012848
249736112
249819261
249944528
249992921
250120827
250145419
250245040
250380615
250383359
250547391
250681747
250710448
250850927
251010883
251099694
251861176
251909602
252157919
252187252
252210654
252361399
252376004
252428799
252459583
252581631
252763135
253037924
253111258
253560390
253723515
253734935
253835255
254064546
254386165
254675817
254679499
254706714
255092228
255097206
255514966
255635981
256048629
256230774
256264220
256375473
256397451
256483841
256486047
256597940
257273298
257817881
257864941
257914299
258049867
258388492
259159089
259516124
260249838
260290896
261850923
262926279
264692199
264696351
264821137
264877320
268112537
